[ { subject: 'CS',
    catalog_number: '246',
    units: 0.5,
    title: 'Object-Oriented Software Development',
    note: 'Choose TUT section for Related 1.',
    class_number: 5777,
    section: 'LEC 001',
    campus: 'UW U',
    associated_class: 1,
    related_component_1: null,
    related_component_2: '201',
    enrollment_capacity: 80,
    enrollment_total: 80,
    waiting_capacity: 0,
    waiting_total: 0,
    topic: null,
    reserves: [ [Object] ],
    classes: [ [Object] ],
    held_with: [],
    term: 1169,
    academic_level: 'undergraduate',
    last_updated: '2016-12-31T23:01:18-05:00' },
  { subject: 'CS',
    catalog_number: '246',
    units: 0.5,
    title: 'Object-Oriented Software Development',
    note: 'Choose TUT section for Related 1.',
    class_number: 5814,
    section: 'TUT 101',
    campus: 'UW U',
    associated_class: 99,
    related_component_1: '99',
    related_component_2: null,
    enrollment_capacity: 66,
    enrollment_total: 66,
    waiting_capacity: 0,
    waiting_total: 0,
    topic: null,
    reserves: [],
    classes: [ [Object] ],
    held_with: [],
    term: 1169,
    academic_level: 'undergraduate',
    last_updated: '2016-12-31T23:01:18-05:00' },
  { classes: [ [Object] ], section: 'NULL' },
  { subject: 'CS',
    catalog_number: '246',
    units: 0.5,
    title: 'Object-Oriented Software Development',
    note: 'Choose TUT section for Related 1.',
    class_number: 5849,
    section: 'TST 201',
    campus: 'UW U',
    associated_class: 99,
    related_component_1: '99',
    related_component_2: null,
    enrollment_capacity: 560,
    enrollment_total: 552,
    waiting_capacity: 0,
    waiting_total: 0,
    topic: null,
    reserves: [],
    classes: [ [Object] ],
    held_with: [],
    term: 1169,
    academic_level: 'undergraduate',
    last_updated: '2016-12-31T23:01:18-05:00' } ]
